\BOOKMARK [0][-]{chapter.1}{\376\377\0001\000\040\000H\000i\000e\000r\000a\000r\000c\000h\000i\000c\000a\000l\000\040\000I\000n\000d\000e\000x}{}% 1
\BOOKMARK [1][-]{section.1.1}{\376\377\0001\000.\0001\000\040\000C\000l\000a\000s\000s\000\040\000H\000i\000e\000r\000a\000r\000c\000h\000y}{chapter.1}% 2
\BOOKMARK [0][-]{chapter.2}{\376\377\0002\000\040\000C\000l\000a\000s\000s\000\040\000I\000n\000d\000e\000x}{}% 3
\BOOKMARK [1][-]{section.2.1}{\376\377\0002\000.\0001\000\040\000C\000l\000a\000s\000s\000\040\000L\000i\000s\000t}{chapter.2}% 4
\BOOKMARK [0][-]{chapter.3}{\376\377\0003\000\040\000C\000l\000a\000s\000s\000\040\000D\000o\000c\000u\000m\000e\000n\000t\000a\000t\000i\000o\000n}{}% 5
\BOOKMARK [1][-]{section.3.1}{\376\377\0003\000.\0001\000\040\000B\000a\000c\000k\000G\000r\000o\000u\000n\000d\000\040\000C\000l\000a\000s\000s\000\040\000R\000e\000f\000e\000r\000e\000n\000c\000e}{chapter.3}% 6
\BOOKMARK [2][-]{subsection.3.1.1}{\376\377\0003\000.\0001\000.\0001\000\040\000D\000e\000t\000a\000i\000l\000e\000d\000\040\000D\000e\000s\000c\000r\000i\000p\000t\000i\000o\000n}{section.3.1}% 7
\BOOKMARK [1][-]{section.3.2}{\376\377\0003\000.\0002\000\040\000B\000a\000t\000t\000l\000e\000U\000n\000i\000t\000\040\000C\000l\000a\000s\000s\000\040\000R\000e\000f\000e\000r\000e\000n\000c\000e}{chapter.3}% 8
\BOOKMARK [2][-]{subsection.3.2.1}{\376\377\0003\000.\0002\000.\0001\000\040\000D\000e\000t\000a\000i\000l\000e\000d\000\040\000D\000e\000s\000c\000r\000i\000p\000t\000i\000o\000n}{section.3.2}% 9
\BOOKMARK [2][-]{subsection.3.2.2}{\376\377\0003\000.\0002\000.\0002\000\040\000C\000o\000n\000s\000t\000r\000u\000c\000t\000o\000r\000\040\000\046\000\040\000D\000e\000s\000t\000r\000u\000c\000t\000o\000r\000\040\000D\000o\000c\000u\000m\000e\000n\000t\000a\000t\000i\000o\000n}{section.3.2}% 10
\BOOKMARK [3][-]{subsubsection.3.2.2.1}{\376\377\0003\000.\0002\000.\0002\000.\0001\000\040\000B\000a\000t\000t\000l\000e\000U\000n\000i\000t\000\050\000G\000a\000m\000e\000W\000o\000r\000l\000d\000\040\000*\000p\000a\000r\000e\000n\000t\000V\000i\000e\000w\000,\000\040\000P\000l\000a\000y\000e\000r\000\040\000p\000l\000a\000y\000e\000r\000,\000\040\000S\000o\000u\000n\000d\000P\000l\000a\000y\000e\000r\000\040\000*\000s\000o\000u\000n\000d\000p\000l\000a\000y\000e\000r\000,\000\040\000u\000n\000i\000t\000T\000y\000p\000e\000\040\000u\000n\000i\000t\000t\000y\000p\000e\000\051}{subsection.3.2.2}% 11
\BOOKMARK [2][-]{subsection.3.2.3}{\376\377\0003\000.\0002\000.\0003\000\040\000M\000e\000m\000b\000e\000r\000\040\000F\000u\000n\000c\000t\000i\000o\000n\000\040\000D\000o\000c\000u\000m\000e\000n\000t\000a\000t\000i\000o\000n}{section.3.2}% 12
\BOOKMARK [3][-]{subsubsection.3.2.3.1}{\376\377\0003\000.\0002\000.\0003\000.\0001\000\040\000c\000a\000l\000c\000u\000l\000a\000t\000e\000S\000h\000o\000o\000t\000i\000n\000g\000P\000o\000i\000n\000t\000\050\000d\000o\000u\000b\000l\000e\000\040\000*\000P\000o\000i\000n\000t\000\051}{subsection.3.2.3}% 13
\BOOKMARK [3][-]{subsubsection.3.2.3.2}{\376\377\0003\000.\0002\000.\0003\000.\0002\000\040\000g\000e\000t\000F\000i\000r\000e\000d\000i\000r\000e\000c\000t\000i\000o\000n\000\050\000\051}{subsection.3.2.3}% 14
\BOOKMARK [3][-]{subsubsection.3.2.3.3}{\376\377\0003\000.\0002\000.\0003\000.\0003\000\040\000s\000e\000t\000F\000i\000r\000e\000d\000i\000r\000e\000c\000t\000i\000o\000n\000\050\000d\000o\000u\000b\000l\000e\000\040\000d\000i\000r\000e\000c\000t\000i\000o\000n\000\051}{subsection.3.2.3}% 15
\BOOKMARK [1][-]{section.3.3}{\376\377\0003\000.\0003\000\040\000G\000a\000m\000e\000M\000e\000n\000u\000\040\000C\000l\000a\000s\000s\000\040\000R\000e\000f\000e\000r\000e\000n\000c\000e}{chapter.3}% 16
\BOOKMARK [2][-]{subsection.3.3.1}{\376\377\0003\000.\0003\000.\0001\000\040\000D\000e\000t\000a\000i\000l\000e\000d\000\040\000D\000e\000s\000c\000r\000i\000p\000t\000i\000o\000n}{section.3.3}% 17
\BOOKMARK [2][-]{subsection.3.3.2}{\376\377\0003\000.\0003\000.\0002\000\040\000C\000o\000n\000s\000t\000r\000u\000c\000t\000o\000r\000\040\000\046\000\040\000D\000e\000s\000t\000r\000u\000c\000t\000o\000r\000\040\000D\000o\000c\000u\000m\000e\000n\000t\000a\000t\000i\000o\000n}{section.3.3}% 18
\BOOKMARK [3][-]{subsubsection.3.3.2.1}{\376\377\0003\000.\0003\000.\0002\000.\0001\000\040\000G\000a\000m\000e\000M\000e\000n\000u\000\050\000S\000o\000u\000n\000d\000P\000l\000a\000y\000e\000r\000\040\000*\000s\000o\000u\000n\000d\000p\000l\000a\000y\000e\000r\000\051}{subsection.3.3.2}% 19
\BOOKMARK [2][-]{subsection.3.3.3}{\376\377\0003\000.\0003\000.\0003\000\040\000M\000e\000m\000b\000e\000r\000\040\000F\000u\000n\000c\000t\000i\000o\000n\000\040\000D\000o\000c\000u\000m\000e\000n\000t\000a\000t\000i\000o\000n}{section.3.3}% 20
\BOOKMARK [3][-]{subsubsection.3.3.3.1}{\376\377\0003\000.\0003\000.\0003\000.\0001\000\040\000c\000h\000a\000n\000g\000e\000B\000G\000M\000v\000o\000l\000u\000m\000e}{subsection.3.3.3}% 21
\BOOKMARK [3][-]{subsubsection.3.3.3.2}{\376\377\0003\000.\0003\000.\0003\000.\0002\000\040\000c\000h\000a\000n\000g\000e\000S\000E\000v\000o\000l\000u\000m\000e}{subsection.3.3.3}% 22
\BOOKMARK [3][-]{subsubsection.3.3.3.3}{\376\377\0003\000.\0003\000.\0003\000.\0003\000\040\000g\000e\000t\000G\000a\000m\000e\000M\000e\000n\000u\000S\000i\000z\000e\000\050\000\051\000\040\000c\000o\000n\000s\000t\000\040}{subsection.3.3.3}% 23
\BOOKMARK [3][-]{subsubsection.3.3.3.4}{\376\377\0003\000.\0003\000.\0003\000.\0004\000\040\000g\000e\000t\000P\000l\000a\000y\000e\000r\0001\000U\000n\000i\000t\000C\000o\000u\000n\000t\000\050\000\051\000\040\000c\000o\000n\000s\000t\000\040}{subsection.3.3.3}% 24
\BOOKMARK [3][-]{subsubsection.3.3.3.5}{\376\377\0003\000.\0003\000.\0003\000.\0005\000\040\000g\000e\000t\000P\000l\000a\000y\000e\000r\0002\000U\000n\000i\000t\000C\000o\000u\000n\000t\000\050\000\051\000\040\000c\000o\000n\000s\000t\000\040}{subsection.3.3.3}% 25
\BOOKMARK [3][-]{subsubsection.3.3.3.6}{\376\377\0003\000.\0003\000.\0003\000.\0006\000\040\000g\000e\000t\000W\000h\000i\000c\000h\000S\000t\000a\000g\000e\000\050\000\051\000\040\000c\000o\000n\000s\000t\000\040}{subsection.3.3.3}% 26
\BOOKMARK [3][-]{subsubsection.3.3.3.7}{\376\377\0003\000.\0003\000.\0003\000.\0007\000\040\000s\000e\000t\000G\000a\000m\000e\000M\000e\000n\000u\000S\000i\000z\000e\000\050\000i\000n\000t\000\040\000v\000a\000l\000u\000e\000\051}{subsection.3.3.3}% 27
\BOOKMARK [1][-]{section.3.4}{\376\377\0003\000.\0004\000\040\000G\000a\000m\000e\000p\000l\000a\000y\000I\000n\000t\000e\000r\000f\000a\000c\000e\000\040\000C\000l\000a\000s\000s\000\040\000R\000e\000f\000e\000r\000e\000n\000c\000e}{chapter.3}% 28
\BOOKMARK [2][-]{subsection.3.4.1}{\376\377\0003\000.\0004\000.\0001\000\040\000D\000e\000t\000a\000i\000l\000e\000d\000\040\000D\000e\000s\000c\000r\000i\000p\000t\000i\000o\000n}{section.3.4}% 29
\BOOKMARK [2][-]{subsection.3.4.2}{\376\377\0003\000.\0004\000.\0002\000\040\000C\000o\000n\000s\000t\000r\000u\000c\000t\000o\000r\000\040\000\046\000\040\000D\000e\000s\000t\000r\000u\000c\000t\000o\000r\000\040\000D\000o\000c\000u\000m\000e\000n\000t\000a\000t\000i\000o\000n}{section.3.4}% 30
\BOOKMARK [3][-]{subsubsection.3.4.2.1}{\376\377\0003\000.\0004\000.\0002\000.\0001\000\040\000G\000a\000m\000e\000p\000l\000a\000y\000I\000n\000t\000e\000r\000f\000a\000c\000e\000\050\000S\000o\000u\000n\000d\000P\000l\000a\000y\000e\000r\000\040\000*\000s\000o\000u\000n\000d\000p\000l\000a\000y\000e\000r\000\051}{subsection.3.4.2}% 31
\BOOKMARK [1][-]{section.3.5}{\376\377\0003\000.\0005\000\040\000G\000a\000m\000e\000S\000e\000t\000t\000i\000n\000g\000s\000\040\000C\000l\000a\000s\000s\000\040\000R\000e\000f\000e\000r\000e\000n\000c\000e}{chapter.3}% 32
\BOOKMARK [2][-]{subsection.3.5.1}{\376\377\0003\000.\0005\000.\0001\000\040\000D\000e\000t\000a\000i\000l\000e\000d\000\040\000D\000e\000s\000c\000r\000i\000p\000t\000i\000o\000n}{section.3.5}% 33
\BOOKMARK [1][-]{section.3.6}{\376\377\0003\000.\0006\000\040\000G\000a\000m\000e\000W\000o\000r\000l\000d\000\040\000C\000l\000a\000s\000s\000\040\000R\000e\000f\000e\000r\000e\000n\000c\000e}{chapter.3}% 34
\BOOKMARK [2][-]{subsection.3.6.1}{\376\377\0003\000.\0006\000.\0001\000\040\000D\000e\000t\000a\000i\000l\000e\000d\000\040\000D\000e\000s\000c\000r\000i\000p\000t\000i\000o\000n}{section.3.6}% 35
\BOOKMARK [1][-]{section.3.7}{\376\377\0003\000.\0007\000\040\000I\000n\000p\000u\000t\000\040\000C\000l\000a\000s\000s\000\040\000R\000e\000f\000e\000r\000e\000n\000c\000e}{chapter.3}% 36
\BOOKMARK [2][-]{subsection.3.7.1}{\376\377\0003\000.\0007\000.\0001\000\040\000D\000e\000t\000a\000i\000l\000e\000d\000\040\000D\000e\000s\000c\000r\000i\000p\000t\000i\000o\000n}{section.3.7}% 37
\BOOKMARK [2][-]{subsection.3.7.2}{\376\377\0003\000.\0007\000.\0002\000\040\000M\000e\000m\000b\000e\000r\000\040\000F\000u\000n\000c\000t\000i\000o\000n\000\040\000D\000o\000c\000u\000m\000e\000n\000t\000a\000t\000i\000o\000n}{section.3.7}% 38
\BOOKMARK [3][-]{subsubsection.3.7.2.1}{\376\377\0003\000.\0007\000.\0002\000.\0001\000\040\000k\000e\000y\000P\000r\000e\000s\000s\000E\000v\000e\000n\000t\000\050\000Q\000K\000e\000y\000E\000v\000e\000n\000t\000\040\000*\000k\000\051}{subsection.3.7.2}% 39
\BOOKMARK [1][-]{section.3.8}{\376\377\0003\000.\0008\000\040\000M\000a\000i\000n\000W\000i\000n\000d\000o\000w\000\040\000C\000l\000a\000s\000s\000\040\000R\000e\000f\000e\000r\000e\000n\000c\000e}{chapter.3}% 40
\BOOKMARK [1][-]{section.3.9}{\376\377\0003\000.\0009\000\040\000P\000h\000y\000s\000i\000c\000s\000C\000a\000l\000c\000\040\000C\000l\000a\000s\000s\000\040\000R\000e\000f\000e\000r\000e\000n\000c\000e}{chapter.3}% 41
\BOOKMARK [2][-]{subsection.3.9.1}{\376\377\0003\000.\0009\000.\0001\000\040\000D\000e\000t\000a\000i\000l\000e\000d\000\040\000D\000e\000s\000c\000r\000i\000p\000t\000i\000o\000n}{section.3.9}% 42
\BOOKMARK [2][-]{subsection.3.9.2}{\376\377\0003\000.\0009\000.\0002\000\040\000C\000o\000n\000s\000t\000r\000u\000c\000t\000o\000r\000\040\000\046\000\040\000D\000e\000s\000t\000r\000u\000c\000t\000o\000r\000\040\000D\000o\000c\000u\000m\000e\000n\000t\000a\000t\000i\000o\000n}{section.3.9}% 43
\BOOKMARK [3][-]{subsubsection.3.9.2.1}{\376\377\0003\000.\0009\000.\0002\000.\0001\000\040\000P\000h\000y\000s\000i\000c\000s\000C\000a\000l\000c\000\050\000S\000o\000u\000n\000d\000P\000l\000a\000y\000e\000r\000\040\000*\000s\000o\000u\000n\000d\000p\000l\000a\000y\000e\000r\000\051}{subsection.3.9.2}% 44
\BOOKMARK [2][-]{subsection.3.9.3}{\376\377\0003\000.\0009\000.\0003\000\040\000M\000e\000m\000b\000e\000r\000\040\000F\000u\000n\000c\000t\000i\000o\000n\000\040\000D\000o\000c\000u\000m\000e\000n\000t\000a\000t\000i\000o\000n}{section.3.9}% 45
\BOOKMARK [3][-]{subsubsection.3.9.3.1}{\376\377\0003\000.\0009\000.\0003\000.\0001\000\040\000c\000a\000l\000c\000u\000l\000a\000t\000e\000N\000e\000w\000R\000o\000t\000V\000a\000l\000u\000e\000s\000\050\000W\000o\000r\000l\000d\000O\000b\000j\000e\000c\000t\000\040\000*\000w\000o\000r\000l\000d\000O\000b\000j\000e\000c\000t\000\051}{subsection.3.9.3}% 46
\BOOKMARK [3][-]{subsubsection.3.9.3.2}{\376\377\0003\000.\0009\000.\0003\000.\0002\000\040\000c\000a\000l\000c\000u\000l\000a\000t\000e\000N\000e\000w\000V\000a\000l\000u\000e\000s\000\050\000W\000o\000r\000l\000d\000O\000b\000j\000e\000c\000t\000\040\000*\000\051}{subsection.3.9.3}% 47
\BOOKMARK [3][-]{subsubsection.3.9.3.3}{\376\377\0003\000.\0009\000.\0003\000.\0003\000\040\000c\000h\000e\000c\000k\000H\000e\000a\000l\000t\000h\000\050\000W\000o\000r\000l\000d\000O\000b\000j\000e\000c\000t\000\040\000*\000o\000b\000j\000\051}{subsection.3.9.3}% 48
\BOOKMARK [3][-]{subsubsection.3.9.3.4}{\376\377\0003\000.\0009\000.\0003\000.\0004\000\040\000c\000o\000l\000l\000i\000d\000e\000W\000i\000t\000h\000A\000n\000y\000\050\000W\000o\000r\000l\000d\000O\000b\000j\000e\000c\000t\000\040\000*\000o\000b\000j\000e\000c\000t\000\051}{subsection.3.9.3}% 49
\BOOKMARK [3][-]{subsubsection.3.9.3.5}{\376\377\0003\000.\0009\000.\0003\000.\0005\000\040\000C\000o\000l\000l\000i\000d\000e\000W\000i\000t\000h\000T\000e\000r\000r\000a\000i\000n\000\050\000W\000o\000r\000l\000d\000O\000b\000j\000e\000c\000t\000\040\000*\000o\000b\000j\000e\000c\000t\000\051}{subsection.3.9.3}% 50
\BOOKMARK [3][-]{subsubsection.3.9.3.6}{\376\377\0003\000.\0009\000.\0003\000.\0006\000\040\000C\000o\000l\000l\000i\000d\000e\000W\000i\000t\000h\000U\000n\000i\000t\000\050\000W\000o\000r\000l\000d\000O\000b\000j\000e\000c\000t\000\040\000*\000o\000b\000j\000e\000c\000t\000\051}{subsection.3.9.3}% 51
\BOOKMARK [3][-]{subsubsection.3.9.3.7}{\376\377\0003\000.\0009\000.\0003\000.\0007\000\040\000e\000u\000l\000T\000o\000P\000o\000l\000\050\000d\000o\000u\000b\000l\000e\000\040\000*\000e\000u\000l\000,\000\040\000d\000o\000u\000b\000l\000e\000\040\000*\000p\000o\000l\000,\000\040\000c\000h\000a\000r\000\040\000t\000y\000p\000e\000\051}{subsection.3.9.3}% 52
\BOOKMARK [3][-]{subsubsection.3.9.3.8}{\376\377\0003\000.\0009\000.\0003\000.\0008\000\040\000g\000e\000t\000I\000m\000p\000a\000c\000t\000P\000o\000i\000n\000t\000\050\000W\000o\000r\000l\000d\000O\000b\000j\000e\000c\000t\000\040\000*\000w\000o\000r\000l\000d\000O\000b\000j\000e\000c\000t\000,\000\040\000d\000o\000u\000b\000l\000e\000\040\000*\000i\000m\000p\000a\000c\000t\000P\000o\000i\000n\000t\000\051}{subsection.3.9.3}% 53
\BOOKMARK [3][-]{subsubsection.3.9.3.9}{\376\377\0003\000.\0009\000.\0003\000.\0009\000\040\000g\000r\000a\000v\000i\000t\000y\000A\000n\000g\000l\000e\000D\000i\000f\000f\000e\000r\000e\000n\000c\000e\000\050\000d\000o\000u\000b\000l\000e\000\040\000r\000o\000t\000a\000t\000i\000o\000n\000,\000\040\000d\000o\000u\000b\000l\000e\000\040\000*\000g\000r\000a\000v\000i\000t\000y\000V\000e\000c\000t\000o\000r\000\051}{subsection.3.9.3}% 54
\BOOKMARK [3][-]{subsubsection.3.9.3.10}{\376\377\0003\000.\0009\000.\0003\000.\0001\0000\000\040\000g\000r\000a\000v\000V\000e\000c\000\050\000W\000o\000r\000l\000d\000O\000b\000j\000e\000c\000t\000\040\000*\000w\000o\000r\000l\000d\000O\000b\000j\000e\000c\000t\000,\000\040\000d\000o\000u\000b\000l\000e\000\040\000*\000g\000r\000a\000v\000i\000t\000y\000V\000e\000c\000t\000o\000r\000\051}{subsection.3.9.3}% 55
\BOOKMARK [3][-]{subsubsection.3.9.3.11}{\376\377\0003\000.\0009\000.\0003\000.\0001\0001\000\040\000h\000i\000t\000U\000n\000i\000t\000\050\000W\000o\000r\000l\000d\000O\000b\000j\000e\000c\000t\000\040\000*\000w\000o\000r\000l\000d\000O\000b\000j\000e\000c\000t\000\051}{subsection.3.9.3}% 56
\BOOKMARK [3][-]{subsubsection.3.9.3.12}{\376\377\0003\000.\0009\000.\0003\000.\0001\0002\000\040\000i\000m\000p\000u\000l\000s\000\050\000W\000o\000r\000l\000d\000O\000b\000j\000e\000c\000t\000\040\000*\000o\000b\000j\0001\000,\000\040\000W\000o\000r\000l\000d\000O\000b\000j\000e\000c\000t\000\040\000*\000o\000b\000j\0002\000\051}{subsection.3.9.3}% 57
\BOOKMARK [3][-]{subsubsection.3.9.3.13}{\376\377\0003\000.\0009\000.\0003\000.\0001\0003\000\040\000i\000n\000v\000e\000r\000s\000e\000S\000p\000e\000e\000d\000\050\000W\000o\000r\000l\000d\000O\000b\000j\000e\000c\000t\000\040\000*\000c\000o\000l\000l\000i\000d\000i\000n\000g\0001\000,\000\040\000W\000o\000r\000l\000d\000O\000b\000j\000e\000c\000t\000\040\000*\000c\000o\000l\000l\000i\000d\000i\000n\000g\0002\000\051}{subsection.3.9.3}% 58
\BOOKMARK [3][-]{subsubsection.3.9.3.14}{\376\377\0003\000.\0009\000.\0003\000.\0001\0004\000\040\000m\000e\000e\000l\000e\000D\000a\000m\000a\000g\000e\000\050\000W\000o\000r\000l\000d\000O\000b\000j\000e\000c\000t\000\040\000*\000c\000o\000l\000l\000i\000d\000i\000n\000g\0001\000,\000\040\000W\000o\000r\000l\000d\000O\000b\000j\000e\000c\000t\000\040\000*\000c\000o\000l\000l\000i\000d\000i\000n\000g\0002\000\051}{subsection.3.9.3}% 59
\BOOKMARK [3][-]{subsubsection.3.9.3.15}{\376\377\0003\000.\0009\000.\0003\000.\0001\0005\000\040\000p\000o\000l\000T\000o\000E\000u\000l\000\050\000d\000o\000u\000b\000l\000e\000\040\000*\000p\000o\000l\000,\000\040\000d\000o\000u\000b\000l\000e\000\040\000*\000e\000u\000l\000,\000\040\000c\000h\000a\000r\000\040\000t\000y\000p\000e\000\051}{subsection.3.9.3}% 60
\BOOKMARK [3][-]{subsubsection.3.9.3.16}{\376\377\0003\000.\0009\000.\0003\000.\0001\0006\000\040\000r\000o\000u\000n\000d\000D\000o\000w\000n\000\050\000d\000o\000u\000b\000l\000e\000\040\000n\000u\000m\000b\000e\000r\000T\000o\000R\000o\000u\000n\000d\000,\000\040\000i\000n\000t\000\040\000d\000i\000g\000i\000t\000\051}{subsection.3.9.3}% 61
\BOOKMARK [3][-]{subsubsection.3.9.3.17}{\376\377\0003\000.\0009\000.\0003\000.\0001\0007\000\040\000u\000n\000i\000t\000U\000n\000i\000t\000C\000o\000l\000l\000i\000s\000i\000o\000n\000F\000u\000n\000c\000\050\000W\000o\000r\000l\000d\000O\000b\000j\000e\000c\000t\000\040\000*\000b\000a\000t\0001\000,\000\040\000W\000o\000r\000l\000d\000O\000b\000j\000e\000c\000t\000\040\000*\000b\000a\000t\0002\000\051}{subsection.3.9.3}% 62
\BOOKMARK [3][-]{subsubsection.3.9.3.18}{\376\377\0003\000.\0009\000.\0003\000.\0001\0008\000\040\000u\000p\000d\000a\000t\000e\000R\000o\000t\000V\000a\000l\000u\000e\000s\000\050\000W\000o\000r\000l\000d\000O\000b\000j\000e\000c\000t\000\040\000*\000w\000o\000r\000l\000d\000O\000b\000j\000e\000c\000t\000,\000\040\000d\000o\000u\000b\000l\000e\000\040\000*\000a\000n\000g\000u\000l\000a\000r\000\051}{subsection.3.9.3}% 63
\BOOKMARK [3][-]{subsubsection.3.9.3.19}{\376\377\0003\000.\0009\000.\0003\000.\0001\0009\000\040\000v\000e\000c\000t\000o\000r\000s\000A\000b\000s\000o\000l\000u\000t\000e\000V\000a\000l\000u\000e\000\050\000d\000o\000u\000b\000l\000e\000\040\000*\000v\000e\000c\000t\000o\000r\000\051}{subsection.3.9.3}% 64
\BOOKMARK [3][-]{subsubsection.3.9.3.20}{\376\377\0003\000.\0009\000.\0003\000.\0002\0000\000\040\000v\000e\000l\000o\000c\000i\000t\000y\000E\000u\000l\000e\000r\000T\000o\000R\000a\000d\000i\000a\000l\000C\000o\000o\000r\000d\000i\000n\000a\000t\000e\000s\000\050\000d\000o\000u\000b\000l\000e\000\040\000*\000e\000u\000l\000I\000n\000p\000u\000t\000P\000o\000s\000i\000t\000i\000o\000n\000,\000\040\000d\000o\000u\000b\000l\000e\000\040\000*\000i\000n\000p\000u\000t\000V\000e\000l\000V\000e\000c\000t\000o\000r\000,\000\040\000d\000o\000u\000b\000l\000e\000\040\000*\000o\000u\000t\000p\000u\000t\000V\000e\000l\000V\000e\000c\000t\000o\000r\000,\000\040\000b\000o\000o\000l\000\040\000e\000u\000l\000e\000r\000T\000o\000R\000a\000d\000i\000a\000l\000\051}{subsection.3.9.3}% 65
\BOOKMARK [1][-]{section.3.10}{\376\377\0003\000.\0001\0000\000\040\000P\000r\000o\000j\000e\000c\000t\000i\000l\000e\000\040\000C\000l\000a\000s\000s\000\040\000R\000e\000f\000e\000r\000e\000n\000c\000e}{chapter.3}% 66
\BOOKMARK [2][-]{subsection.3.10.1}{\376\377\0003\000.\0001\0000\000.\0001\000\040\000C\000o\000n\000s\000t\000r\000u\000c\000t\000o\000r\000\040\000\046\000\040\000D\000e\000s\000t\000r\000u\000c\000t\000o\000r\000\040\000D\000o\000c\000u\000m\000e\000n\000t\000a\000t\000i\000o\000n}{section.3.10}% 67
\BOOKMARK [3][-]{subsubsection.3.10.1.1}{\376\377\0003\000.\0001\0000\000.\0001\000.\0001\000\040\000P\000r\000o\000j\000e\000c\000t\000i\000l\000e\000\050\000G\000a\000m\000e\000W\000o\000r\000l\000d\000\040\000*\000p\000a\000r\000e\000n\000t\000V\000i\000e\000w\000,\000\040\000B\000a\000t\000t\000l\000e\000U\000n\000i\000t\000\040\000*\000s\000h\000o\000o\000t\000i\000n\000g\000U\000n\000i\000t\000,\000\040\000P\000r\000o\000j\000e\000c\000t\000i\000l\000e\000T\000y\000p\000e\000\040\000p\000,\000\040\000S\000o\000u\000n\000d\000P\000l\000a\000y\000e\000r\000\040\000*\000s\000o\000u\000n\000d\000p\000l\000a\000y\000e\000r\000,\000\040\000d\000o\000u\000b\000l\000e\000\040\000*\000s\000h\000o\000o\000t\000i\000n\000g\000P\000o\000i\000n\000t\000\051}{subsection.3.10.1}% 68
\BOOKMARK [2][-]{subsection.3.10.2}{\376\377\0003\000.\0001\0000\000.\0002\000\040\000M\000e\000m\000b\000e\000r\000\040\000F\000u\000n\000c\000t\000i\000o\000n\000\040\000D\000o\000c\000u\000m\000e\000n\000t\000a\000t\000i\000o\000n}{section.3.10}% 69
\BOOKMARK [3][-]{subsubsection.3.10.2.1}{\376\377\0003\000.\0001\0000\000.\0002\000.\0001\000\040\000g\000e\000t\000s\000h\000o\000o\000t\000i\000n\000g\000U\000n\000i\000t\000\050\000\051}{subsection.3.10.2}% 70
\BOOKMARK [3][-]{subsubsection.3.10.2.2}{\376\377\0003\000.\0001\0000\000.\0002\000.\0002\000\040\000r\000e\000c\000o\000i\000l\000\050\000W\000o\000r\000l\000d\000O\000b\000j\000e\000c\000t\000\040\000*\000o\000b\000j\0001\000,\000\040\000W\000o\000r\000l\000d\000O\000b\000j\000e\000c\000t\000\040\000*\000o\000b\000j\0002\000\051}{subsection.3.10.2}% 71
\BOOKMARK [1][-]{section.3.11}{\376\377\0003\000.\0001\0001\000\040\000S\000o\000u\000n\000d\000P\000l\000a\000y\000e\000r\000\040\000C\000l\000a\000s\000s\000\040\000R\000e\000f\000e\000r\000e\000n\000c\000e}{chapter.3}% 72
\BOOKMARK [2][-]{subsection.3.11.1}{\376\377\0003\000.\0001\0001\000.\0001\000\040\000D\000e\000t\000a\000i\000l\000e\000d\000\040\000D\000e\000s\000c\000r\000i\000p\000t\000i\000o\000n}{section.3.11}% 73
\BOOKMARK [2][-]{subsection.3.11.2}{\376\377\0003\000.\0001\0001\000.\0002\000\040\000M\000e\000m\000b\000e\000r\000\040\000F\000u\000n\000c\000t\000i\000o\000n\000\040\000D\000o\000c\000u\000m\000e\000n\000t\000a\000t\000i\000o\000n}{section.3.11}% 74
\BOOKMARK [3][-]{subsubsection.3.11.2.1}{\376\377\0003\000.\0001\0001\000.\0002\000.\0001\000\040\000p\000l\000a\000y\000P\000r\000o\000j\000e\000c\000t\000i\000l\000e\000T\000y\000p\000e\000S\000h\000o\000o\000t\000\050\000i\000n\000t\000\040\000t\000y\000p\000e\000\051}{subsection.3.11.2}% 75
\BOOKMARK [1][-]{section.3.12}{\376\377\0003\000.\0001\0002\000\040\000T\000e\000r\000r\000a\000i\000n\000\040\000C\000l\000a\000s\000s\000\040\000R\000e\000f\000e\000r\000e\000n\000c\000e}{chapter.3}% 76
\BOOKMARK [2][-]{subsection.3.12.1}{\376\377\0003\000.\0001\0002\000.\0001\000\040\000D\000e\000t\000a\000i\000l\000e\000d\000\040\000D\000e\000s\000c\000r\000i\000p\000t\000i\000o\000n}{section.3.12}% 77
\BOOKMARK [1][-]{section.3.13}{\376\377\0003\000.\0001\0003\000\040\000W\000o\000r\000l\000d\000O\000b\000j\000e\000c\000t\000\040\000C\000l\000a\000s\000s\000\040\000R\000e\000f\000e\000r\000e\000n\000c\000e}{chapter.3}% 78
\BOOKMARK [2][-]{subsection.3.13.1}{\376\377\0003\000.\0001\0003\000.\0001\000\040\000C\000o\000n\000s\000t\000r\000u\000c\000t\000o\000r\000\040\000\046\000\040\000D\000e\000s\000t\000r\000u\000c\000t\000o\000r\000\040\000D\000o\000c\000u\000m\000e\000n\000t\000a\000t\000i\000o\000n}{section.3.13}% 79
\BOOKMARK [3][-]{subsubsection.3.13.1.1}{\376\377\0003\000.\0001\0003\000.\0001\000.\0001\000\040\000W\000o\000r\000l\000d\000O\000b\000j\000e\000c\000t\000\050\000G\000a\000m\000e\000W\000o\000r\000l\000d\000\040\000*\000p\000a\000r\000e\000n\000t\000V\000i\000e\000w\000,\000\040\000P\000l\000a\000y\000e\000r\000\040\000p\000,\000\040\000S\000o\000u\000n\000d\000P\000l\000a\000y\000e\000r\000\040\000*\000s\000o\000u\000n\000d\000p\000l\000a\000y\000e\000r\000\051}{subsection.3.13.1}% 80
\BOOKMARK [2][-]{subsection.3.13.2}{\376\377\0003\000.\0001\0003\000.\0002\000\040\000M\000e\000m\000b\000e\000r\000\040\000F\000u\000n\000c\000t\000i\000o\000n\000\040\000D\000o\000c\000u\000m\000e\000n\000t\000a\000t\000i\000o\000n}{section.3.13}% 81
\BOOKMARK [3][-]{subsubsection.3.13.2.1}{\376\377\0003\000.\0001\0003\000.\0002\000.\0001\000\040\000g\000e\000t\000B\000o\000u\000n\000c\000e\000d\000\050\000\051\000\040\000c\000o\000n\000s\000t\000\040}{subsection.3.13.2}% 82
\BOOKMARK [3][-]{subsubsection.3.13.2.2}{\376\377\0003\000.\0001\0003\000.\0002\000.\0002\000\040\000g\000e\000t\000C\000e\000n\000t\000e\000r\000O\000f\000M\000a\000s\000s\000\050\000\051}{subsection.3.13.2}% 83
\BOOKMARK [3][-]{subsubsection.3.13.2.3}{\376\377\0003\000.\0001\0003\000.\0002\000.\0003\000\040\000g\000e\000t\000C\000h\000a\000r\000\050\000\051}{subsection.3.13.2}% 84
\BOOKMARK [3][-]{subsubsection.3.13.2.4}{\376\377\0003\000.\0001\0003\000.\0002\000.\0004\000\040\000g\000e\000t\000H\000i\000t\000C\000o\000u\000n\000t\000e\000r\000\050\000\051}{subsection.3.13.2}% 85
\BOOKMARK [3][-]{subsubsection.3.13.2.5}{\376\377\0003\000.\0001\0003\000.\0002\000.\0005\000\040\000g\000e\000t\000O\000r\000i\000e\000n\000t\000a\000t\000i\000o\000n\000\050\000\051\000\040\000c\000o\000n\000s\000t\000\040}{subsection.3.13.2}% 86
\BOOKMARK [3][-]{subsubsection.3.13.2.6}{\376\377\0003\000.\0001\0003\000.\0002\000.\0006\000\040\000g\000e\000t\000P\000l\000a\000y\000e\000r\000\050\000\051\000\040\000c\000o\000n\000s\000t\000\040}{subsection.3.13.2}% 87
\BOOKMARK [3][-]{subsubsection.3.13.2.7}{\376\377\0003\000.\0001\0003\000.\0002\000.\0007\000\040\000g\000e\000t\000R\000o\000t\000V\000e\000l\000\050\000\051\000\040\000c\000o\000n\000s\000t\000\040}{subsection.3.13.2}% 88
\BOOKMARK [3][-]{subsubsection.3.13.2.8}{\376\377\0003\000.\0001\0003\000.\0002\000.\0008\000\040\000g\000e\000t\000S\000p\000e\000e\000d\000\050\000\051}{subsection.3.13.2}% 89
\BOOKMARK [3][-]{subsubsection.3.13.2.9}{\376\377\0003\000.\0001\0003\000.\0002\000.\0009\000\040\000g\000e\000t\000W\000e\000i\000g\000h\000t\000\050\000\051}{subsection.3.13.2}% 90
\BOOKMARK [3][-]{subsubsection.3.13.2.10}{\376\377\0003\000.\0001\0003\000.\0002\000.\0001\0000\000\040\000s\000e\000t\000B\000o\000u\000n\000c\000e\000d\000\050\000b\000o\000o\000l\000\040\000v\000a\000l\000u\000e\000\051}{subsection.3.13.2}% 91
\BOOKMARK [3][-]{subsubsection.3.13.2.11}{\376\377\0003\000.\0001\0003\000.\0002\000.\0001\0001\000\040\000s\000e\000t\000C\000e\000n\000t\000e\000r\000O\000f\000M\000a\000s\000s\000\050\000d\000o\000u\000b\000l\000e\000\040\000*\000n\000e\000w\000C\000e\000n\000t\000e\000r\000O\000f\000M\000a\000s\000s\000\051}{subsection.3.13.2}% 92
\BOOKMARK [3][-]{subsubsection.3.13.2.12}{\376\377\0003\000.\0001\0003\000.\0002\000.\0001\0002\000\040\000s\000e\000t\000H\000e\000a\000l\000t\000h\000p\000o\000i\000n\000t\000s\000\050\000i\000n\000t\000\040\000p\000o\000i\000n\000t\000s\000\051}{subsection.3.13.2}% 93
\BOOKMARK [3][-]{subsubsection.3.13.2.13}{\376\377\0003\000.\0001\0003\000.\0002\000.\0001\0003\000\040\000s\000e\000t\000H\000i\000t\000C\000o\000u\000n\000t\000e\000r\000\050\000i\000n\000t\000\040\000h\000i\000t\000\051}{subsection.3.13.2}% 94
\BOOKMARK [3][-]{subsubsection.3.13.2.14}{\376\377\0003\000.\0001\0003\000.\0002\000.\0001\0004\000\040\000s\000e\000t\000O\000r\000i\000e\000n\000t\000a\000t\000i\000o\000n\000\050\000d\000o\000u\000b\000l\000e\000\040\000n\000e\000w\000O\000r\000i\000e\000n\000t\000a\000t\000i\000o\000n\000\051}{subsection.3.13.2}% 95
\BOOKMARK [3][-]{subsubsection.3.13.2.15}{\376\377\0003\000.\0001\0003\000.\0002\000.\0001\0005\000\040\000s\000e\000t\000R\000o\000t\000V\000e\000l\000\050\000d\000o\000u\000b\000l\000e\000\040\000n\000e\000w\000R\000o\000t\000V\000e\000l\000\051}{subsection.3.13.2}% 96
\BOOKMARK [3][-]{subsubsection.3.13.2.16}{\376\377\0003\000.\0001\0003\000.\0002\000.\0001\0006\000\040\000s\000e\000t\000S\000p\000e\000e\000d\000\050\000d\000o\000u\000b\000l\000e\000\040\000*\000n\000e\000w\000S\000p\000e\000e\000d\000\051}{subsection.3.13.2}% 97
\BOOKMARK [3][-]{subsubsection.3.13.2.17}{\376\377\0003\000.\0001\0003\000.\0002\000.\0001\0007\000\040\000s\000e\000t\000W\000e\000i\000g\000h\000t\000\050\000i\000n\000t\000\040\000w\000\051}{subsection.3.13.2}% 98
